Tue Jun  9 16:20:51 EDT 2015
top - 16:20:51 up 34 days, 18:21,  8 users,  load average: 0.35, 0.47, 0.48
Threads:  41 total,   0 running,  41 sleeping,   0 stopped,   0 zombie
%Cpu(s): 22.8 us,  5.9 sy,  1.0 ni, 68.5 id,  1.8 wa,  0.0 hi,  0.0 si,  0.0 st
KiB Mem:  16127716 total, 12476040 used,  3651676 free,   508440 buffers
KiB Swap:  8134652 total,   584032 used,  7550620 free,  4401488 cached

  PID USER      PR  NI    VIRT    RES    SHR S %CPU %MEM     TIME+ COMMAND
24810 coty      20   0 4088536 336528  26116 S  0.0  2.1   0:00.00 java
24811 coty      20   0 4088536 336528  26116 S  0.0  2.1   0:00.58 java
24812 coty      20   0 4088536 336528  26116 S  23.0  2.1   0:00.01 java
24813 coty      20   0 4088536 336528  26116 S  0.0  2.1   0:00.01 java
24814 coty      20   0 4088536 336528  26116 S  0.0  2.1   0:00.01 java
24815 coty      20   0 4088536 336528  26116 S  0.0  2.1   0:00.01 java
24816 coty      20   0 4088536 336528  26116 S  0.0  2.1   0:00.00 java
24817 coty      20   0 4088536 336528  26116 S  0.0  2.1   0:00.01 java
24818 coty      20   0 4088536 336528  26116 S  0.0  2.1   0:00.01 java
24819 coty      20   0 4088536 336528  26116 S  0.0  2.1   0:00.00 java
24820 coty      20   0 4088536 336528  26116 S  0.0  2.1   0:01.56 java
24821 coty      20   0 4088536 336528  26116 S  0.0  2.1   0:02.22 java
24822 coty      20   0 4088536 336528  26116 S  0.0  2.1   0:00.00 java
24823 coty      20   0 4088536 336528  26116 S  0.0  2.1   0:00.09 java
24824 coty      20   0 4088536 336528  26116 S  0.0  2.1   0:00.00 java
24825 coty      20   0 4088536 336528  26116 S  0.0  2.1   0:00.12 java
24826 coty      20   0 4088536 336528  26116 S  0.0  2.1   0:00.06 java
24827 coty      20   0 4088536 336528  26116 S  0.0  2.1   0:00.14 java
24828 coty      20   0 4088536 336528  26116 S  0.0  2.1   0:00.07 java
24829 coty      20   0 4088536 336528  26116 S  0.0  2.1   0:00.13 java
24830 coty      20   0 4088536 336528  26116 S  0.0  2.1   0:00.26 java
24831 coty      20   0 4088536 336528  26116 S  0.0  2.1   0:00.46 java
24832 coty      20   0 4088536 336528  26116 S  0.0  2.1   0:00.12 java
24858 coty      20   0 4088536 336528  26116 S  0.0  2.1   0:00.22 java
24859 coty      20   0 4088536 336528  26116 S  0.0  2.1   0:00.01 java
24860 coty      20   0 4088536 336528  26116 S  0.0  2.1   0:00.00 java
24861 coty      20   0 4088536 336528  26116 S  0.0  2.1   0:00.00 java
24885 coty      20   0 4088536 336528  26116 S  0.0  2.1   0:00.00 java
24886 coty      20   0 4088536 336528  26116 S  0.0  2.1   0:00.00 java
24887 coty      20   0 4088536 336528  26116 S  0.0  2.1   0:00.00 java
24888 coty      20   0 4088536 336528  26116 S  0.0  2.1   0:00.00 java
24889 coty      20   0 4088536 336528  26116 S  0.0  2.1   0:00.00 java
24893 coty      20   0 4088536 336528  26116 S  0.0  2.1   0:00.00 java
24894 coty      20   0 4088536 336528  26116 S  0.0  2.1   0:00.00 java
24895 coty      20   0 4088536 336528  26116 S  45.0  2.1   0:00.01 java
24896 coty      20   0 4088536 336528  26116 S  0.0  2.1   0:00.00 java
24897 coty      20   0 4088536 336528  26116 S  0.0  2.1   0:00.00 java
24898 coty      20   0 4088536 336528  26116 S  0.0  2.1   0:00.00 java
24899 coty      20   0 4088536 336528  26116 S  0.0  2.1   0:00.00 java
24900 coty      20   0 4088536 336528  26116 S  0.0  2.1   0:00.00 java
24901 coty      20   0 4088536 336528  26116 S  0.0  2.1   0:00.01 java
Tue Jun  9 16:21:02 EDT 2015
top - 16:21:02 up 34 days, 18:21,  8 users,  load average: 0.30, 0.46, 0.48
Threads:  42 total,   0 running,  42 sleeping,   0 stopped,   0 zombie
%Cpu(s): 22.8 us,  5.9 sy,  1.0 ni, 68.5 id,  1.8 wa,  0.0 hi,  0.0 si,  0.0 st
KiB Mem:  16127716 total, 12473108 used,  3654608 free,   508452 buffers
KiB Swap:  8134652 total,   584032 used,  7550620 free,  4396660 cached

  PID USER      PR  NI    VIRT    RES    SHR S %CPU %MEM     TIME+ COMMAND
24810 coty      20   0 4088536 336784  26116 S  0.0  2.1   0:00.00 java
24811 coty      20   0 4088536 336784  26116 S  0.0  2.1   0:00.58 java
24812 coty      20   0 4088536 336784  26116 S  23.0  2.1   0:00.01 java
24813 coty      20   0 4088536 336784  26116 S  0.0  2.1   0:00.01 java
24814 coty      20   0 4088536 336784  26116 S  0.0  2.1   0:00.01 java
24815 coty      20   0 4088536 336784  26116 S  0.0  2.1   0:00.01 java
24816 coty      20   0 4088536 336784  26116 S  0.0  2.1   0:00.06 java
24817 coty      20   0 4088536 336784  26116 S  0.0  2.1   0:00.01 java
24818 coty      20   0 4088536 336784  26116 S  0.0  2.1   0:00.01 java
24819 coty      20   0 4088536 336784  26116 S  0.0  2.1   0:00.00 java
24820 coty      20   0 4088536 336784  26116 S  0.0  2.1   0:01.59 java
24821 coty      20   0 4088536 336784  26116 S  0.0  2.1   0:02.26 java
24822 coty      20   0 4088536 336784  26116 S  0.0  2.1   0:00.00 java
24823 coty      20   0 4088536 336784  26116 S  0.0  2.1   0:00.10 java
24824 coty      20   0 4088536 336784  26116 S  0.0  2.1   0:00.00 java
24825 coty      20   0 4088536 336784  26116 S  0.0  2.1   0:00.12 java
24826 coty      20   0 4088536 336784  26116 S  0.0  2.1   0:00.06 java
24827 coty      20   0 4088536 336784  26116 S  0.0  2.1   0:00.14 java
24828 coty      20   0 4088536 336784  26116 S  0.0  2.1   0:00.07 java
24829 coty      20   0 4088536 336784  26116 S  0.0  2.1   0:00.13 java
24830 coty      20   0 4088536 336784  26116 S  0.0  2.1   0:00.26 java
24831 coty      20   0 4088536 336784  26116 S  0.0  2.1   0:00.46 java
24832 coty      20   0 4088536 336784  26116 S  0.0  2.1   0:00.12 java
24858 coty      20   0 4088536 336784  26116 S  0.0  2.1   0:00.24 java
24859 coty      20   0 4088536 336784  26116 S  0.0  2.1   0:00.01 java
24860 coty      20   0 4088536 336784  26116 S  0.0  2.1   0:00.00 java
24861 coty      20   0 4088536 336784  26116 S  0.0  2.1   0:00.00 java
24885 coty      20   0 4088536 336784  26116 S  0.0  2.1   0:00.00 java
24886 coty      20   0 4088536 336784  26116 S  0.0  2.1   0:00.00 java
24887 coty      20   0 4088536 336784  26116 S  0.0  2.1   0:00.00 java
24888 coty      20   0 4088536 336784  26116 S  0.0  2.1   0:00.00 java
24889 coty      20   0 4088536 336784  26116 S  0.0  2.1   0:00.00 java
24893 coty      20   0 4088536 336784  26116 S  0.0  2.1   0:00.00 java
24894 coty      20   0 4088536 336784  26116 S  0.0  2.1   0:00.00 java
24895 coty      20   0 4088536 336784  26116 S  40.0  2.1   0:00.01 java
24896 coty      20   0 4088536 336784  26116 S  0.0  2.1   0:00.00 java
24897 coty      20   0 4088536 336784  26116 S  0.0  2.1   0:00.00 java
24898 coty      20   0 4088536 336784  26116 S  0.0  2.1   0:00.00 java
24899 coty      20   0 4088536 336784  26116 S  0.0  2.1   0:00.00 java
24900 coty      20   0 4088536 336784  26116 S  0.0  2.1   0:00.00 java
24901 coty      20   0 4088536 336784  26116 S  0.0  2.1   0:00.01 java
25038 coty      20   0 4088536 336784  26116 S  0.0  2.1   0:00.00 java
Tue Jun  9 16:21:12 EDT 2015
top - 16:21:12 up 34 days, 18:22,  8 users,  load average: 0.25, 0.44, 0.47
Threads:  42 total,   0 running,  42 sleeping,   0 stopped,   0 zombie
%Cpu(s): 22.8 us,  5.9 sy,  1.0 ni, 68.5 id,  1.8 wa,  0.0 hi,  0.0 si,  0.0 st
KiB Mem:  16127716 total, 12442988 used,  3684728 free,   508460 buffers
KiB Swap:  8134652 total,   584032 used,  7550620 free,  4385632 cached

  PID USER      PR  NI    VIRT    RES    SHR S %CPU %MEM     TIME+ COMMAND
24810 coty      20   0 4088536 337312  26116 S  0.0  2.1   0:00.00 java
24811 coty      20   0 4088536 337312  26116 S  0.0  2.1   0:00.58 java
24812 coty      20   0 4088536 337312  26116 S  23.0  2.1   0:00.01 java
24813 coty      20   0 4088536 337312  26116 S  0.0  2.1   0:00.01 java
24814 coty      20   0 4088536 337312  26116 S  0.0  2.1   0:00.01 java
24815 coty      20   0 4088536 337312  26116 S  0.0  2.1   0:00.01 java
24816 coty      20   0 4088536 337312  26116 S  0.0  2.1   0:00.08 java
24817 coty      20   0 4088536 337312  26116 S  0.0  2.1   0:00.01 java
24818 coty      20   0 4088536 337312  26116 S  0.0  2.1   0:00.01 java
24819 coty      20   0 4088536 337312  26116 S  0.0  2.1   0:00.00 java
24820 coty      20   0 4088536 337312  26116 S  0.0  2.1   0:01.59 java
24821 coty      20   0 4088536 337312  26116 S  0.0  2.1   0:02.26 java
24822 coty      20   0 4088536 337312  26116 S  0.0  2.1   0:00.00 java
24823 coty      20   0 4088536 337312  26116 S  0.0  2.1   0:00.11 java
24824 coty      20   0 4088536 337312  26116 S  0.0  2.1   0:00.00 java
24825 coty      20   0 4088536 337312  26116 S  0.0  2.1   0:00.12 java
24826 coty      20   0 4088536 337312  26116 S  0.0  2.1   0:00.06 java
24827 coty      20   0 4088536 337312  26116 S  0.0  2.1   0:00.14 java
24828 coty      20   0 4088536 337312  26116 S  0.0  2.1   0:00.07 java
24829 coty      20   0 4088536 337312  26116 S  0.0  2.1   0:00.13 java
24830 coty      20   0 4088536 337312  26116 S  0.0  2.1   0:00.26 java
24831 coty      20   0 4088536 337312  26116 S  0.0  2.1   0:00.46 java
24832 coty      20   0 4088536 337312  26116 S  0.0  2.1   0:00.12 java
24858 coty      20   0 4088536 337312  26116 S  0.0  2.1   0:00.25 java
24859 coty      20   0 4088536 337312  26116 S  0.0  2.1   0:00.01 java
24860 coty      20   0 4088536 337312  26116 S  0.0  2.1   0:00.00 java
24861 coty      20   0 4088536 337312  26116 S  0.0  2.1   0:00.00 java
24885 coty      20   0 4088536 337312  26116 S  0.0  2.1   0:00.00 java
24886 coty      20   0 4088536 337312  26116 S  0.0  2.1   0:00.00 java
24887 coty      20   0 4088536 337312  26116 S  0.0  2.1   0:00.00 java
24888 coty      20   0 4088536 337312  26116 S  0.0  2.1   0:00.00 java
24889 coty      20   0 4088536 337312  26116 S  0.0  2.1   0:00.00 java
24893 coty      20   0 4088536 337312  26116 S  0.0  2.1   0:00.00 java
24894 coty      20   0 4088536 337312  26116 S  0.0  2.1   0:00.00 java
24895 coty      20   0 4088536 337312  26116 S  55.0  2.1   0:00.01 java
24896 coty      20   0 4088536 337312  26116 S  0.0  2.1   0:00.00 java
24897 coty      20   0 4088536 337312  26116 S  0.0  2.1   0:00.00 java
24898 coty      20   0 4088536 337312  26116 S  0.0  2.1   0:00.00 java
24899 coty      20   0 4088536 337312  26116 S  0.0  2.1   0:00.00 java
24900 coty      20   0 4088536 337312  26116 S  0.0  2.1   0:00.00 java
24901 coty      20   0 4088536 337312  26116 S  0.0  2.1   0:00.01 java
25038 coty      20   0 4088536 337312  26116 S  0.0  2.1   0:00.00 java
Tue Jun  9 16:21:23 EDT 2015
top - 16:21:23 up 34 days, 18:22,  8 users,  load average: 0.29, 0.44, 0.47
Threads:  42 total,   0 running,  42 sleeping,   0 stopped,   0 zombie
%Cpu(s): 22.8 us,  5.9 sy,  1.0 ni, 68.5 id,  1.8 wa,  0.0 hi,  0.0 si,  0.0 st
KiB Mem:  16127716 total, 12282664 used,  3845052 free,   508484 buffers
KiB Swap:  8134652 total,   584032 used,  7550620 free,  4364524 cached

  PID USER      PR  NI    VIRT    RES    SHR S %CPU %MEM     TIME+ COMMAND
24810 coty      20   0 4088536 337840  26116 S  0.0  2.1   0:00.00 java
24811 coty      20   0 4088536 337840  26116 S  0.0  2.1   0:00.58 java
24812 coty      20   0 4088536 337840  26116 S  0.0  2.1   0:00.01 java
24813 coty      20   0 4088536 337840  26116 S  0.0  2.1   0:00.01 java
24814 coty      20   0 4088536 337840  26116 S  0.0  2.1   0:00.01 java
24815 coty      20   0 4088536 337840  26116 S  0.0  2.1   0:00.01 java
24816 coty      20   0 4088536 337840  26116 S  0.0  2.1   0:00.11 java
24817 coty      20   0 4088536 337840  26116 S  0.0  2.1   0:00.01 java
24818 coty      20   0 4088536 337840  26116 S  0.0  2.1   0:00.01 java
24819 coty      20   0 4088536 337840  26116 S  0.0  2.1   0:00.00 java
24820 coty      20   0 4088536 337840  26116 S  0.0  2.1   0:01.59 java
24821 coty      20   0 4088536 337840  26116 S  0.0  2.1   0:02.26 java
24822 coty      20   0 4088536 337840  26116 S  0.0  2.1   0:00.00 java
24823 coty      20   0 4088536 337840  26116 S  0.0  2.1   0:00.12 java
24824 coty      20   0 4088536 337840  26116 S  0.0  2.1   0:00.00 java
24825 coty      20   0 4088536 337840  26116 S  0.0  2.1   0:00.12 java
24826 coty      20   0 4088536 337840  26116 S  0.0  2.1   0:00.06 java
24827 coty      20   0 4088536 337840  26116 S  0.0  2.1   0:00.14 java
24828 coty      20   0 4088536 337840  26116 S  0.0  2.1   0:00.07 java
24829 coty      20   0 4088536 337840  26116 S  0.0  2.1   0:00.13 java
24830 coty      20   0 4088536 337840  26116 S  0.0  2.1   0:00.26 java
24831 coty      20   0 4088536 337840  26116 S  0.0  2.1   0:00.46 java
24832 coty      20   0 4088536 337840  26116 S  0.0  2.1   0:00.12 java
24858 coty      20   0 4088536 337840  26116 S  0.0  2.1   0:00.27 java
24859 coty      20   0 4088536 337840  26116 S  0.0  2.1   0:00.01 java
24860 coty      20   0 4088536 337840  26116 S  0.0  2.1   0:00.00 java
24861 coty      20   0 4088536 337840  26116 S  0.0  2.1   0:00.00 java
24885 coty      20   0 4088536 337840  26116 S  0.0  2.1   0:00.00 java
24886 coty      20   0 4088536 337840  26116 S  0.0  2.1   0:00.00 java
24887 coty      20   0 4088536 337840  26116 S  0.0  2.1   0:00.00 java
24888 coty      20   0 4088536 337840  26116 S  0.0  2.1   0:00.00 java
24889 coty      20   0 4088536 337840  26116 S  0.0  2.1   0:00.00 java
24893 coty      20   0 4088536 337840  26116 S  0.0  2.1   0:00.00 java
24894 coty      20   0 4088536 337840  26116 S  0.0  2.1   0:00.00 java
24895 coty      20   0 4088536 337840  26116 S  58.0  2.1   0:00.01 java
24896 coty      20   0 4088536 337840  26116 S  0.0  2.1   0:00.00 java
24897 coty      20   0 4088536 337840  26116 S  0.0  2.1   0:00.00 java
24898 coty      20   0 4088536 337840  26116 S  0.0  2.1   0:00.00 java
24899 coty      20   0 4088536 337840  26116 S  0.0  2.1   0:00.00 java
24900 coty      20   0 4088536 337840  26116 S  0.0  2.1   0:00.00 java
24901 coty      20   0 4088536 337840  26116 S  0.0  2.1   0:00.01 java
25038 coty      20   0 4088536 337840  26116 S  0.0  2.1   0:00.00 java
Tue Jun  9 16:21:33 EDT 2015
top - 16:21:33 up 34 days, 18:22,  8 users,  load average: 0.25, 0.43, 0.47
Threads:  42 total,   0 running,  42 sleeping,   0 stopped,   0 zombie
%Cpu(s): 22.8 us,  5.9 sy,  1.0 ni, 68.5 id,  1.8 wa,  0.0 hi,  0.0 si,  0.0 st
KiB Mem:  16127716 total, 12277500 used,  3850216 free,   508492 buffers
KiB Swap:  8134652 total,   584032 used,  7550620 free,  4356444 cached

  PID USER      PR  NI    VIRT    RES    SHR S %CPU %MEM     TIME+ COMMAND
24810 coty      20   0 4088536 338368  26116 S  0.0  2.1   0:00.00 java
24811 coty      20   0 4088536 338368  26116 S  0.0  2.1   0:00.58 java
24812 coty      20   0 4088536 338368  26116 S  10.0  2.1   0:00.01 java
24813 coty      20   0 4088536 338368  26116 S  0.0  2.1   0:00.01 java
24814 coty      20   0 4088536 338368  26116 S  0.0  2.1   0:00.01 java
24815 coty      20   0 4088536 338368  26116 S  0.0  2.1   0:00.01 java
24816 coty      20   0 4088536 338368  26116 S  0.0  2.1   0:00.14 java
24817 coty      20   0 4088536 338368  26116 S  0.0  2.1   0:00.01 java
24818 coty      20   0 4088536 338368  26116 S  0.0  2.1   0:00.01 java
24819 coty      20   0 4088536 338368  26116 S  0.0  2.1   0:00.00 java
24820 coty      20   0 4088536 338368  26116 S  0.0  2.1   0:01.59 java
24821 coty      20   0 4088536 338368  26116 S  0.0  2.1   0:02.26 java
24822 coty      20   0 4088536 338368  26116 S  0.0  2.1   0:00.00 java
24823 coty      20   0 4088536 338368  26116 S  0.0  2.1   0:00.12 java
24824 coty      20   0 4088536 338368  26116 S  0.0  2.1   0:00.00 java
24825 coty      20   0 4088536 338368  26116 S  0.0  2.1   0:00.12 java
24826 coty      20   0 4088536 338368  26116 S  0.0  2.1   0:00.06 java
24827 coty      20   0 4088536 338368  26116 S  0.0  2.1   0:00.14 java
24828 coty      20   0 4088536 338368  26116 S  0.0  2.1   0:00.07 java
24829 coty      20   0 4088536 338368  26116 S  0.0  2.1   0:00.13 java
24830 coty      20   0 4088536 338368  26116 S  0.0  2.1   0:00.26 java
24831 coty      20   0 4088536 338368  26116 S  0.0  2.1   0:00.46 java
24832 coty      20   0 4088536 338368  26116 S  0.0  2.1   0:00.12 java
24858 coty      20   0 4088536 338368  26116 S  0.0  2.1   0:00.29 java
24859 coty      20   0 4088536 338368  26116 S  0.0  2.1   0:00.01 java
24860 coty      20   0 4088536 338368  26116 S  0.0  2.1   0:00.00 java
24861 coty      20   0 4088536 338368  26116 S  0.0  2.1   0:00.00 java
24885 coty      20   0 4088536 338368  26116 S  0.0  2.1   0:00.00 java
24886 coty      20   0 4088536 338368  26116 S  0.0  2.1   0:00.00 java
24887 coty      20   0 4088536 338368  26116 S  0.0  2.1   0:00.00 java
24888 coty      20   0 4088536 338368  26116 S  0.0  2.1   0:00.00 java
24889 coty      20   0 4088536 338368  26116 S  0.0  2.1   0:00.00 java
24893 coty      20   0 4088536 338368  26116 S  0.0  2.1   0:00.00 java
24894 coty      20   0 4088536 338368  26116 S  0.0  2.1   0:00.00 java
24895 coty      20   0 4088536 338368  26116 S  36.0  2.1   0:00.01 java
24896 coty      20   0 4088536 338368  26116 S  0.0  2.1   0:00.00 java
24897 coty      20   0 4088536 338368  26116 S  0.0  2.1   0:00.00 java
24898 coty      20   0 4088536 338368  26116 S  0.0  2.1   0:00.00 java
24899 coty      20   0 4088536 338368  26116 S  0.0  2.1   0:00.00 java
24900 coty      20   0 4088536 338368  26116 S  0.0  2.1   0:00.00 java
24901 coty      20   0 4088536 338368  26116 S  0.0  2.1   0:00.01 java
25038 coty      20   0 4088536 338368  26116 S  0.0  2.1   0:00.00 java
Tue Jun  9 16:21:43 EDT 2015
top - 16:21:43 up 34 days, 18:22,  8 users,  load average: 0.37, 0.45, 0.47
Threads:  42 total,   0 running,  42 sleeping,   0 stopped,   0 zombie
%Cpu(s): 22.8 us,  5.9 sy,  1.0 ni, 68.5 id,  1.8 wa,  0.0 hi,  0.0 si,  0.0 st
KiB Mem:  16127716 total, 12378668 used,  3749048 free,   508520 buffers
KiB Swap:  8134652 total,   584032 used,  7550620 free,  4368348 cached

  PID USER      PR  NI    VIRT    RES    SHR S %CPU %MEM     TIME+ COMMAND
24810 coty      20   0 4088536 338896  26116 S  0.0  2.1   0:00.00 java
24811 coty      20   0 4088536 338896  26116 S  0.0  2.1   0:00.58 java
24812 coty      20   0 4088536 338896  26116 S  22.0  2.1   0:00.01 java
24813 coty      20   0 4088536 338896  26116 S  0.0  2.1   0:00.01 java
24814 coty      20   0 4088536 338896  26116 S  0.0  2.1   0:00.01 java
24815 coty      20   0 4088536 338896  26116 S  0.0  2.1   0:00.01 java
24816 coty      20   0 4088536 338896  26116 S  0.0  2.1   0:00.17 java
24817 coty      20   0 4088536 338896  26116 S  0.0  2.1   0:00.01 java
24818 coty      20   0 4088536 338896  26116 S  0.0  2.1   0:00.01 java
24819 coty      20   0 4088536 338896  26116 S  0.0  2.1   0:00.00 java
24820 coty      20   0 4088536 338896  26116 S  0.0  2.1   0:01.59 java
24821 coty      20   0 4088536 338896  26116 S  0.0  2.1   0:02.26 java
24822 coty      20   0 4088536 338896  26116 S  0.0  2.1   0:00.00 java
24823 coty      20   0 4088536 338896  26116 S  0.0  2.1   0:00.13 java
24824 coty      20   0 4088536 338896  26116 S  0.0  2.1   0:00.00 java
24825 coty      20   0 4088536 338896  26116 S  0.0  2.1   0:00.12 java
24826 coty      20   0 4088536 338896  26116 S  0.0  2.1   0:00.06 java
24827 coty      20   0 4088536 338896  26116 S  0.0  2.1   0:00.14 java
24828 coty      20   0 4088536 338896  26116 S  0.0  2.1   0:00.07 java
24829 coty      20   0 4088536 338896  26116 S  0.0  2.1   0:00.13 java
24830 coty      20   0 4088536 338896  26116 S  0.0  2.1   0:00.26 java
24831 coty      20   0 4088536 338896  26116 S  0.0  2.1   0:00.46 java
24832 coty      20   0 4088536 338896  26116 S  0.0  2.1   0:00.12 java
24858 coty      20   0 4088536 338896  26116 S  0.0  2.1   0:00.30 java
24859 coty      20   0 4088536 338896  26116 S  0.0  2.1   0:00.01 java
24860 coty      20   0 4088536 338896  26116 S  0.0  2.1   0:00.00 java
24861 coty      20   0 4088536 338896  26116 S  0.0  2.1   0:00.00 java
24885 coty      20   0 4088536 338896  26116 S  0.0  2.1   0:00.00 java
24886 coty      20   0 4088536 338896  26116 S  0.0  2.1   0:00.00 java
24887 coty      20   0 4088536 338896  26116 S  0.0  2.1   0:00.00 java
24888 coty      20   0 4088536 338896  26116 S  0.0  2.1   0:00.00 java
24889 coty      20   0 4088536 338896  26116 S  0.0  2.1   0:00.00 java
24893 coty      20   0 4088536 338896  26116 S  0.0  2.1   0:00.00 java
24894 coty      20   0 4088536 338896  26116 S  0.0  2.1   0:00.00 java
24895 coty      20   0 4088536 338896  26116 S  41.0  2.1   0:00.01 java
24896 coty      20   0 4088536 338896  26116 S  0.0  2.1   0:00.00 java
24897 coty      20   0 4088536 338896  26116 S  0.0  2.1   0:00.00 java
24898 coty      20   0 4088536 338896  26116 S  0.0  2.1   0:00.00 java
24899 coty      20   0 4088536 338896  26116 S  0.0  2.1   0:00.00 java
24900 coty      20   0 4088536 338896  26116 S  0.0  2.1   0:00.00 java
24901 coty      20   0 4088536 338896  26116 S  0.0  2.1   0:00.01 java
25038 coty      20   0 4088536 338896  26116 S  0.0  2.1   0:00.00 java
